Server has started.
Add new facility page
Facility timetable page
[ { id: 2033,
    fac_id: 29,
    booked_date: Sun Feb 22 2015 00:00:00 GMT-0500 (EST),
    s1: 0,
    s2: 0,
    s3: 0,
    s4: 0,
    s5: 0,
    s6: 0,
    s7: 0,
    s8: 0,
    s9: 0,
    s10: 0,
    s11: 0,
    s12: 0,
    s13: 0,
    s14: 0,
    s15: 0,
    s16: 0 } ]
[ { id: 3033,
    fac_id: 30,
    booked_date: Sun Feb 22 2015 00:00:00 GMT-0500 (EST),
    s1: 0,
    s2: 0,
    s3: 0,
    s4: 0,
    s5: 0,
    s6: 0,
    s7: 0,
    s8: 0,
    s9: 0,
    s10: 0,
    s11: 0,
    s12: 0,
    s13: 0,
    s14: 0,
    s15: 0,
    s16: 0 } ]
[ { id: 6033,
    fac_id: 33,
    booked_date: Sun Feb 22 2015 00:00:00 GMT-0500 (EST),
    s1: 0,
    s2: 0,
    s3: 0,
    s4: 0,
    s5: 0,
    s6: 0,
    s7: 0,
    s8: 0,
    s9: 0,
    s10: 0,
    s11: 0,
    s12: 0,
    s13: 0,
    s14: 0,
    s15: 0,
    s16: 0 } ]
[ { id: 7033,
    fac_id: 34,
    booked_date: Sun Feb 22 2015 00:00:00 GMT-0500 (EST),
    s1: 0,
    s2: 0,
    s3: 0,
    s4: 0,
    s5: 0,
    s6: 0,
    s7: 0,
    s8: 0,
    s9: 0,
    s10: 0,
    s11: 0,
    s12: 0,
    s13: 0,
    s14: 0,
    s15: 0,
    s16: 0 } ]
Facility timetable page
[ { id: 2002,
    fac_id: 29,
    booked_date: Thu Jan 22 2015 00:00:00 GMT-0500 (EST),
    s1: 0,
    s2: 1,
    s3: 0,
    s4: 0,
    s5: 0,
    s6: 0,
    s7: 0,
    s8: 0,
    s9: 0,
    s10: 0,
    s11: 0,
    s12: 0,
    s13: 0,
    s14: 0,
    s15: 0,
    s16: 0 } ]
[ { id: 3002,
    fac_id: 30,
    booked_date: Thu Jan 22 2015 00:00:00 GMT-0500 (EST),
    s1: 0,
    s2: 0,
    s3: 0,
    s4: 0,
    s5: 0,
    s6: 0,
    s7: 0,
    s8: 0,
    s9: 0,
    s10: 0,
    s11: 0,
    s12: 0,
    s13: 0,
    s14: 0,
    s15: 0,
    s16: 0 } ]
[ { id: 6002,
    fac_id: 33,
    booked_date: Thu Jan 22 2015 00:00:00 GMT-0500 (EST),
    s1: 0,
    s2: 0,
    s3: 0,
    s4: 0,
    s5: 0,
    s6: 0,
    s7: 0,
    s8: 0,
    s9: 0,
    s10: 0,
    s11: 0,
    s12: 0,
    s13: 0,
    s14: 0,
    s15: 0,
    s16: 0 } ]
[ { id: 7002,
    fac_id: 34,
    booked_date: Thu Jan 22 2015 00:00:00 GMT-0500 (EST),
    s1: 0,
    s2: 0,
    s3: 0,
    s4: 0,
    s5: 0,
    s6: 0,
    s7: 0,
    s8: 0,
    s9: 0,
    s10: 0,
    s11: 0,
    s12: 0,
    s13: 0,
    s14: 0,
    s15: 0,
    s16: 0 } ]
Server has started.
Server has started.

events.js:72
        throw er; // Unhandled 'error' event
              ^
Error: listen EADDRINUSE
    at errnoException (net.js:901:11)
    at Server._listen2 (net.js:1039:14)
    at listen (net.js:1061:10)
    at Server.listen (net.js:1135:5)
    at Object.start (/home/licera/rhzone/ver1.0.0/server.js:32:32)
    at Object.<anonymous> (/home/licera/rhzone/ver1.0.0/index.js:39:8)
    at Module._compile (module.js:456:26)
    at Object.Module._extensions..js (module.js:474:10)
    at Module.load (module.js:356:32)
    at Function.Module._load (module.js:312:12)
Facility timetable page
Facility timetable page
Facility timetable page
Facility timetable page
Facility timetable page
Server has started.
Facility timetable page
Facility timetable page
Facility timetable page
Facility timetable page
Server has started.
Add new facility page
Facility bookings page
